<?xml version="1.0" encoding="UTF-8"?>
<testsuite xmlns:xsi="http://www.w3.org/2001/XMLSchema-instance" xsi:noNamespaceSchemaLocation="https://maven.apache.org/surefire/maven-surefire-plugin/xsd/surefire-test-report.xsd" version="3.0.2" name="com.example.saltitantes.SaltitantesApplicationTests" time="0.371" tests="23" errors="0" skipped="0" failures="0">
  <properties>
[...]
</properties>
  <testcase name="testVizinhaNaoPodeSerRoubadaSeNaoTemOuro(int)[1]" classname="com.example.saltitantes.SaltitantesApplicationTests" time="0.14"/>
  <testcase name="testVizinhaNaoPodeSerRoubadaSeNaoTemOuro(int)[2]" classname="com.example.saltitantes.SaltitantesApplicationTests" time="0.002"/>
  <testcase name="testVizinhaNaoPodeSerRoubadaSeNaoTemOuro(int)[3]" classname="com.example.saltitantes.SaltitantesApplicationTests" time="0.002"/>
  <testcase name="testNaoRoubaSeNaoTemVizinha(int)[1]" classname="com.example.saltitantes.SaltitantesApplicationTests" time="0.002"/>
  <testcase name="testNaoRoubaSeNaoTemVizinha(int)[2]" classname="com.example.saltitantes.SaltitantesApplicationTests" time="0.002"/>
  <testcase name="testSimulacao(int, int, int, int)[1]" classname="com.example.saltitantes.SaltitantesApplicationTests" time="0.022"/>
  <testcase name="testSimulacao(int, int, int, int)[2]" classname="com.example.saltitantes.SaltitantesApplicationTests" time="0.002"/>
  <testcase name="testSimulacao(int, int, int, int)[3]" classname="com.example.saltitantes.SaltitantesApplicationTests" time="0.002"/>
  <testcase name="testVizinhaPodeSerRoubadaSeTemOuro(int)[1]" classname="com.example.saltitantes.SaltitantesApplicationTests" time="0.002"/>
  <testcase name="testVizinhaPodeSerRoubadaSeTemOuro(int)[2]" classname="com.example.saltitantes.SaltitantesApplicationTests" time="0.002"/>
  <testcase name="testVizinhaPodeSerRoubadaSeTemOuro(int)[3]" classname="com.example.saltitantes.SaltitantesApplicationTests" time="0.002"/>
  <testcase name="testSimulacaoComZeroIteracoes(int)[1]" classname="com.example.saltitantes.SaltitantesApplicationTests" time="0.002"/>
  <testcase name="testSimulacaoComZeroIteracoes(int)[2]" classname="com.example.saltitantes.SaltitantesApplicationTests" time="0.001"/>
  <testcase name="testSimulacaoComZeroIteracoes(int)[3]" classname="com.example.saltitantes.SaltitantesApplicationTests" time="0.002"/>
  <testcase name="testInicializacao(int, boolean)[1]" classname="com.example.saltitantes.SaltitantesApplicationTests" time="0.009"/>
  <testcase name="testInicializacao(int, boolean)[2]" classname="com.example.saltitantes.SaltitantesApplicationTests" time="0.001"/>
  <testcase name="testInicializacao(int, boolean)[3]" classname="com.example.saltitantes.SaltitantesApplicationTests" time="0.002"/>
  <testcase name="testInicializacao(int, boolean)[4]" classname="com.example.saltitantes.SaltitantesApplicationTests" time="0.002"/>
  <testcase name="testInicializacao(int, boolean)[5]" classname="com.example.saltitantes.SaltitantesApplicationTests" time="0.001"/>
  <testcase name="testInicializacao(int, boolean)[6]" classname="com.example.saltitantes.SaltitantesApplicationTests" time="0.001"/>
  <testcase name="testRoubos(int)[1]" classname="com.example.saltitantes.SaltitantesApplicationTests" time="0.003"/>
  <testcase name="testRoubos(int)[2]" classname="com.example.saltitantes.SaltitantesApplicationTests" time="0.002"/>
  <testcase name="testRoubos(int)[3]" classname="com.example.saltitantes.SaltitantesApplicationTests" time="0.002"/>
</testsuite>